
> north-star@0.0.0 build
> run-p type-check "build-only {@}" --


> north-star@0.0.0 type-check
> vue-tsc --build


> north-star@0.0.0 build-only
> vite build

[36mvite v7.3.0 [32mbuilding client environment for production...[36m[39m
transforming...
src/components/SidebarNav.vue(40,56): error TS2532: Object is possibly 'undefined'.
src/components/SidebarNav.vue(40,119): error TS2532: Object is possibly 'undefined'.
src/stores/trackers.ts(77,17): error TS2322: Type '{ value: number; date?: string | undefined; }' is not assignable to type '{ date: string; value: number; }'.
  Types of property 'date' are incompatible.
    Type 'string | undefined' is not assignable to type 'string'.
      Type 'undefined' is not assignable to type 'string'.
ERROR: "type-check" exited with 2.
